<?xml version="1.0" encoding="UTF-8"?>
<!-- Generated by org.testng.reporters.JUnitReportReporter -->
<testsuite hostname="LAPTOP-76NDMSJ7" failures="0" tests="1" name="FinalProjectTestRunner.FinalProjectTestrunnerClass" time="1.117" errors="0" timestamp="2023-04-25T22:23:55 EDT" skipped="0">
  <testcase classname="FinalProjectTestRunner.FinalProjectTestrunnerClass" name="feature" time="1.117"/>
  <system-out/>
</testsuite> <!-- FinalProjectTestRunner.FinalProjectTestrunnerClass -->
